<?xml version="1.0" encoding="UTF-8"?>
<testng-results skipped="0" failed="0" ignored="0" total="2" passed="2">
  <reporter-output>
  </reporter-output>
  <suite name="Default suite" duration-ms="69637" started-at="2020-05-09T06:43:57Z" finished-at="2020-05-09T06:45:06Z">
    <groups>
    </groups>
    <test name="Default test" duration-ms="69637" started-at="2020-05-09T06:43:57Z" finished-at="2020-05-09T06:45:06Z">
      <class name="selenium.java.testng.FirstTest">
        <test-method status="PASS" signature="beforeTest()[pri:0, instance:selenium.java.testng.FirstTest@61832929]" name="beforeTest" is-config="true" duration-ms="31" started-at="2020-05-09T06:43:57Z" finished-at="2020-05-09T06:43:57Z">
          <reporter-output>
          </reporter-output>
        </test-method> <!-- beforeTest -->
        <test-method status="PASS" signature="myFirstCase()[pri:0, instance:selenium.java.testng.FirstTest@61832929]" name="myFirstCase" duration-ms="69568" started-at="2020-05-09T06:43:57Z" finished-at="2020-05-09T06:45:06Z">
          <reporter-output>
          </reporter-output>
        </test-method> <!-- myFirstCase -->
        <test-method status="PASS" signature="mySecondCase()[pri:0, instance:selenium.java.testng.FirstTest@61832929]" name="mySecondCase" duration-ms="3" started-at="2020-05-09T06:45:06Z" finished-at="2020-05-09T06:45:06Z">
          <reporter-output>
          </reporter-output>
        </test-method> <!-- mySecondCase -->
        <test-method status="PASS" signature="afterTest()[pri:0, instance:selenium.java.testng.FirstTest@61832929]" name="afterTest" is-config="true" duration-ms="0" started-at="2020-05-09T06:45:06Z" finished-at="2020-05-09T06:45:06Z">
          <reporter-output>
          </reporter-output>
        </test-method> <!-- afterTest -->
      </class> <!-- selenium.java.testng.FirstTest -->
    </test> <!-- Default test -->
  </suite> <!-- Default suite -->
</testng-results>
